[07-Sep-2025 11:34:14 America/New_York] Uncaught exception: Call to undefined method CMS\Controllers\Public\Home::getSiteSettings() in /Users/kevin/PhpstormProjects/dalthaus_net_live/src/Controllers/Public/Home.php:32
[07-Sep-2025 11:34:24 America/New_York] Uncaught exception: Call to undefined method CMS\Controllers\Public\Home::getSiteSettings() in /Users/kevin/PhpstormProjects/dalthaus_net_live/src/Controllers/Public/Home.php:32
[07-Sep-2025 11:34:38 America/New_York] Uncaught exception: Call to undefined method CMS\Controllers\Public\Home::getSiteSettings() in /Users/kevin/PhpstormProjects/dalthaus_net_live/src/Controllers/Public/Home.php:32
[07-Sep-2025 11:41:34 America/New_York] Uncaught exception: CMS\Utils\View::escape(): Argument #1 ($string) must be of type string, null given, called in /Users/kevin/PhpstormProjects/dalthaus_net_live/src/Views/Admin/dashboard/index.php on line 5 in /Users/kevin/PhpstormProjects/dalthaus_net_live/src/Utils/View.php:239
[07-Sep-2025 11:41:34 America/New_York] Uncaught exception: CMS\Utils\View::escape(): Argument #1 ($string) must be of type string, null given, called in /Users/kevin/PhpstormProjects/dalthaus_net_live/src/Views/Admin/dashboard/index.php on line 5 in /Users/kevin/PhpstormProjects/dalthaus_net_live/src/Utils/View.php:239
[07-Sep-2025 11:41:34 America/New_York] Uncaught exception: CMS\Utils\View::escape(): Argument #1 ($string) must be of type string, null given, called in /Users/kevin/PhpstormProjects/dalthaus_net_live/src/Views/Admin/dashboard/index.php on line 5 in /Users/kevin/PhpstormProjects/dalthaus_net_live/src/Utils/View.php:239
[07-Sep-2025 11:41:34 America/New_York] Uncaught exception: CMS\Utils\View::escape(): Argument #1 ($string) must be of type string, null given, called in /Users/kevin/PhpstormProjects/dalthaus_net_live/src/Views/Admin/dashboard/index.php on line 5 in /Users/kevin/PhpstormProjects/dalthaus_net_live/src/Utils/View.php:239
[07-Sep-2025 11:41:34 America/New_York] Uncaught exception: Call to undefined method CMS\Controllers\Admin\Pages::logError() in /Users/kevin/PhpstormProjects/dalthaus_net_live/src/Controllers/Admin/Pages.php:170
[07-Sep-2025 11:42:58 America/New_York] Uncaught exception: CMS\Utils\View::escape(): Argument #1 ($string) must be of type string, null given, called in /Users/kevin/PhpstormProjects/dalthaus_net_live/src/Views/Admin/dashboard/index.php on line 5 in /Users/kevin/PhpstormProjects/dalthaus_net_live/src/Utils/View.php:239
[07-Sep-2025 11:42:58 America/New_York] Uncaught exception: CMS\Utils\View::escape(): Argument #1 ($string) must be of type string, null given, called in /Users/kevin/PhpstormProjects/dalthaus_net_live/src/Views/Admin/dashboard/index.php on line 5 in /Users/kevin/PhpstormProjects/dalthaus_net_live/src/Utils/View.php:239
[07-Sep-2025 11:42:58 America/New_York] Uncaught exception: CMS\Utils\View::escape(): Argument #1 ($string) must be of type string, null given, called in /Users/kevin/PhpstormProjects/dalthaus_net_live/src/Views/Admin/dashboard/index.php on line 5 in /Users/kevin/PhpstormProjects/dalthaus_net_live/src/Utils/View.php:239
[07-Sep-2025 11:42:58 America/New_York] Uncaught exception: CMS\Utils\View::escape(): Argument #1 ($string) must be of type string, null given, called in /Users/kevin/PhpstormProjects/dalthaus_net_live/src/Views/Admin/dashboard/index.php on line 5 in /Users/kevin/PhpstormProjects/dalthaus_net_live/src/Utils/View.php:239
[07-Sep-2025 11:42:58 America/New_York] Uncaught exception: Call to undefined method CMS\Controllers\Admin\Pages::logError() in /Users/kevin/PhpstormProjects/dalthaus_net_live/src/Controllers/Admin/Pages.php:170
[07-Sep-2025 11:44:41 America/New_York] Uncaught exception: CMS\Utils\View::escape(): Argument #1 ($string) must be of type string, null given, called in /Users/kevin/PhpstormProjects/dalthaus_net_live/src/Views/Admin/dashboard/index.php on line 5 in /Users/kevin/PhpstormProjects/dalthaus_net_live/src/Utils/View.php:239
[07-Sep-2025 11:44:41 America/New_York] Uncaught exception: CMS\Utils\View::escape(): Argument #1 ($string) must be of type string, null given, called in /Users/kevin/PhpstormProjects/dalthaus_net_live/src/Views/Admin/dashboard/index.php on line 5 in /Users/kevin/PhpstormProjects/dalthaus_net_live/src/Utils/View.php:239
[07-Sep-2025 11:44:41 America/New_York] Uncaught exception: CMS\Utils\View::escape(): Argument #1 ($string) must be of type string, null given, called in /Users/kevin/PhpstormProjects/dalthaus_net_live/src/Views/Admin/dashboard/index.php on line 5 in /Users/kevin/PhpstormProjects/dalthaus_net_live/src/Utils/View.php:239
[07-Sep-2025 11:44:41 America/New_York] Uncaught exception: CMS\Utils\View::escape(): Argument #1 ($string) must be of type string, null given, called in /Users/kevin/PhpstormProjects/dalthaus_net_live/src/Views/Admin/dashboard/index.php on line 5 in /Users/kevin/PhpstormProjects/dalthaus_net_live/src/Utils/View.php:239
[07-Sep-2025 11:44:41 America/New_York] Uncaught exception: CMS\Utils\View::escape(): Argument #1 ($string) must be of type string, null given, called in /Users/kevin/PhpstormProjects/dalthaus_net_live/src/Views/Admin/dashboard/index.php on line 5 in /Users/kevin/PhpstormProjects/dalthaus_net_live/src/Utils/View.php:239
[07-Sep-2025 11:44:41 America/New_York] Uncaught exception: Call to undefined method CMS\Controllers\Admin\Pages::logError() in /Users/kevin/PhpstormProjects/dalthaus_net_live/src/Controllers/Admin/Pages.php:170
[07-Sep-2025 11:44:41 America/New_York] Uncaught exception: CMS\Utils\View::escape(): Argument #1 ($string) must be of type string, null given, called in /Users/kevin/PhpstormProjects/dalthaus_net_live/src/Views/Admin/dashboard/index.php on line 5 in /Users/kevin/PhpstormProjects/dalthaus_net_live/src/Utils/View.php:239
[07-Sep-2025 11:45:28 America/New_York] Uncaught exception: CMS\Utils\View::escape(): Argument #1 ($string) must be of type string, null given, called in /Users/kevin/PhpstormProjects/dalthaus_net_live/src/Views/Admin/dashboard/index.php on line 5 in /Users/kevin/PhpstormProjects/dalthaus_net_live/src/Utils/View.php:239
[07-Sep-2025 11:49:52 America/New_York] Uncaught exception: array_merge(): Argument #1 must be of type array, null given in /Users/kevin/PhpstormProjects/dalthaus_net_live/src/Views/Admin/dashboard/index.php:168
[07-Sep-2025 11:49:52 America/New_York] Uncaught exception: array_merge(): Argument #1 must be of type array, null given in /Users/kevin/PhpstormProjects/dalthaus_net_live/src/Views/Admin/dashboard/index.php:168
[07-Sep-2025 11:49:52 America/New_York] Uncaught exception: array_merge(): Argument #1 must be of type array, null given in /Users/kevin/PhpstormProjects/dalthaus_net_live/src/Views/Admin/dashboard/index.php:168
[07-Sep-2025 11:49:52 America/New_York] Uncaught exception: array_merge(): Argument #1 must be of type array, null given in /Users/kevin/PhpstormProjects/dalthaus_net_live/src/Views/Admin/dashboard/index.php:168
[07-Sep-2025 11:49:52 America/New_York] Uncaught exception: array_merge(): Argument #1 must be of type array, null given in /Users/kevin/PhpstormProjects/dalthaus_net_live/src/Views/Admin/dashboard/index.php:168
[07-Sep-2025 11:49:52 America/New_York] Page store error: Query execution failed: SQLSTATE[42S22]: Column not found: 1054 Unknown column 'meta_title' in 'field list'
[07-Sep-2025 11:49:53 America/New_York] Uncaught exception: array_merge(): Argument #1 must be of type array, null given in /Users/kevin/PhpstormProjects/dalthaus_net_live/src/Views/Admin/dashboard/index.php:168
[07-Sep-2025 11:51:17 America/New_York] Uncaught exception: Call to undefined method CMS\Controllers\Admin\Auth::getUser() in /Users/kevin/PhpstormProjects/dalthaus_net_live/src/Controllers/Admin/Dashboard.php:79
[07-Sep-2025 11:51:17 America/New_York] Uncaught exception: Call to undefined method CMS\Controllers\Admin\Auth::getUser() in /Users/kevin/PhpstormProjects/dalthaus_net_live/src/Controllers/Admin/Dashboard.php:79
[07-Sep-2025 11:51:17 America/New_York] Uncaught exception: Call to undefined method CMS\Controllers\Admin\Auth::getUser() in /Users/kevin/PhpstormProjects/dalthaus_net_live/src/Controllers/Admin/Dashboard.php:79
[07-Sep-2025 11:51:17 America/New_York] Uncaught exception: Call to undefined method CMS\Controllers\Admin\Auth::getUser() in /Users/kevin/PhpstormProjects/dalthaus_net_live/src/Controllers/Admin/Dashboard.php:79
[07-Sep-2025 11:51:17 America/New_York] Uncaught exception: Call to undefined method CMS\Controllers\Admin\Auth::getUser() in /Users/kevin/PhpstormProjects/dalthaus_net_live/src/Controllers/Admin/Dashboard.php:79
[07-Sep-2025 11:51:17 America/New_York] Page store error: Query execution failed: SQLSTATE[42S22]: Column not found: 1054 Unknown column 'meta_title' in 'field list'
[07-Sep-2025 11:51:17 America/New_York] Uncaught exception: Call to undefined method CMS\Controllers\Admin\Auth::getUser() in /Users/kevin/PhpstormProjects/dalthaus_net_live/src/Controllers/Admin/Dashboard.php:79
[07-Sep-2025 12:02:53 America/New_York] Uncaught exception: Cannot use object of type CMS\Models\User as array in /Users/kevin/PhpstormProjects/dalthaus_net_live/src/Views/Admin/dashboard/index.php:9
[07-Sep-2025 14:51:59 America/New_York] Uncaught exception: Cannot use object of type CMS\Models\User as array in /Users/kevin/PhpstormProjects/dalthaus_net_live/src/Views/Layouts/admin.php:36
[07-Sep-2025 15:09:42 America/New_York] Uncaught exception: Cannot use object of type CMS\Models\User as array in /Users/kevin/PhpstormProjects/dalthaus_net_live/src/Views/Layouts/admin.php:36
[07-Sep-2025 15:09:50 America/New_York] Uncaught exception: Cannot use object of type CMS\Models\User as array in /Users/kevin/PhpstormProjects/dalthaus_net_live/src/Views/Layouts/admin.php:36
[07-Sep-2025 15:09:57 America/New_York] Uncaught exception: Cannot use object of type CMS\Models\User as array in /Users/kevin/PhpstormProjects/dalthaus_net_live/src/Views/Layouts/admin.php:36
[07-Sep-2025 15:15:27 America/New_York] Uncaught exception: Call to a member function getAttribute() on array in /Users/kevin/PhpstormProjects/dalthaus_net_live/src/Views/Admin/dashboard/index.php:9
[07-Sep-2025 15:20:31 America/New_York] Content store error: Query execution failed: SQLSTATE[22007]: Invalid datetime format: 1292 Incorrect datetime value: '' for column 'published_at' at row 1
[07-Sep-2025 16:51:39 America/New_York] Content store error: Query execution failed: SQLSTATE[22007]: Invalid datetime format: 1292 Incorrect datetime value: '' for column 'published_at' at row 1
[07-Sep-2025 16:53:06 America/New_York] Content store error: Query execution failed: SQLSTATE[22007]: Invalid datetime format: 1292 Incorrect datetime value: '' for column 'published_at' at row 1
[07-Sep-2025 16:53:17 America/New_York] Content store error: Query execution failed: SQLSTATE[22007]: Invalid datetime format: 1292 Incorrect datetime value: '' for column 'published_at' at row 1
